<?xml version="1.0" encoding="UTF-8"?>
<testng-results ignored="0" total="1" passed="1" failed="0" skipped="0">
  <reporter-output>
  </reporter-output>
  <suite started-at="2023-07-07T19:24:19 EDT" name="Surefire suite" finished-at="2023-07-07T19:24:19 EDT" duration-ms="8">
    <groups>
    </groups>
    <test started-at="2023-07-07T19:24:19 EDT" name="Surefire test" finished-at="2023-07-07T19:24:19 EDT" duration-ms="8">
      <class name="seleniumproj.seleniumproj.AppTest">
        <test-method signature="testApp()[pri:0, instance:testApp(seleniumproj.seleniumproj.AppTest)]" started-at="2023-07-07T19:24:19 EDT" name="testApp" finished-at="2023-07-07T19:24:19 EDT" duration-ms="1" status="PASS">
          <reporter-output>
          </reporter-output>
        </test-method> <!-- testApp -->
      </class> <!-- seleniumproj.seleniumproj.AppTest -->
    </test> <!-- Surefire test -->
  </suite> <!-- Surefire suite -->
</testng-results>
