<?xml version="1.0" encoding="UTF-8"?>
<!-- Generated by org.testng.reporters.JUnitXMLReporter -->
<testsuite hostname="DESKTOP-FEDV7R8" name="chroomeTest" tests="2" failures="1" timestamp="28 Jun 2023 22:14:17 GMT" time="7.888" errors="0">
  <testcase name="testlogo" time="0.298" classname="test.tanu.Parallaltest">
    <failure type="java.lang.NoSuchMethodError" message="org.testng.Assert.assertEquals(Ljava/lang/Boolean;Z)V">
      <![CDATA[java.lang.NoSuchMethodError: org.testng.Assert.assertEquals(Ljava/lang/Boolean;Z)V
	at test.tanu.Parallaltest.testlogo(Parallaltest.java:74)
... Removed 24 stack frames]]>
    </failure>
  </testcase> <!-- testlogo -->
  <testcase name="titleofhomepage" time="0.017" classname="test.tanu.Parallaltest"/>
</testsuite> <!-- chroomeTest -->
