<?xml version="1.0" encoding="UTF-8"?>
<!-- Generated by org.testng.reporters.JUnitXMLReporter -->
<testsuite hostname="DESKTOP-FEDV7R8" name="chromeTest" tests="2" failures="1" timestamp="28 Jun 2023 22:50:25 GMT" time="12.684" errors="0">
  <testcase name="testlogo" time="0.113" classname="test.tanu.Parallaltest">
    <failure type="java.lang.NoSuchMethodError" message="org.testng.Assert.assertEquals(Ljava/lang/Boolean;Z)V">
      <![CDATA[java.lang.NoSuchMethodError: org.testng.Assert.assertEquals(Ljava/lang/Boolean;Z)V
	at test.tanu.Parallaltest.testlogo(Parallaltest.java:75)
	at java.util.concurrent.FutureTask.run(FutureTask.java:266)
	at java.util.concurrent.ThreadPoolExecutor.runWorker(ThreadPoolExecutor.java:1149)
	at java.util.concurrent.ThreadPoolExecutor$Worker.run(ThreadPoolExecutor.java:624)
	at java.lang.Thread.run(Thread.java:748)
... Removed 16 stack frames]]>
    </failure>
  </testcase> <!-- testlogo -->
  <testcase name="titleofhomepage" time="0.015" classname="test.tanu.Parallaltest"/>
</testsuite> <!-- chromeTest -->
