<?xml version="1.0" encoding="UTF-8"?>
<!-- Generated by org.testng.reporters.JUnitXMLReporter -->
<testsuite hostname="DESKTOP-FEDV7R8" name="Test" tests="2" failures="1" timestamp="29 Jun 2023 23:49:26 GMT" time="5.081" errors="0">
  <testcase name="tetslogin" time="0.005" classname="Testng.listener.Nopecpmmercetest">
    <failure type="java.lang.AbstractMethodError">
      <![CDATA[java.lang.AbstractMethodError
... Removed 21 stack frames]]>
    </failure>
  </testcase> <!-- tetslogin -->
  <testcase name="Testlogout" time="0.0" classname="Testng.listener.Nopecpmmercetest">
    <skipped/>
  </testcase> <!-- Testlogout -->
</testsuite> <!-- Test -->
