<?xml version="1.0" encoding="UTF-8"?>
<!-- Generated by org.testng.reporters.JUnitXMLReporter -->
<testsuite ignored="0" hostname="DESKTOP-FEDV7R8" failures="1" tests="3" name="Surefire test" time="0.089" errors="0" timestamp="2023-07-07T19:24:19 EDT">
  <testcase classname="Testng.listener.Testnglistener" name="test1" time="0.007"/>
  <testcase classname="Testng.listener.Testnglistener" name="test2" time="0.013">
    <failure type="java.lang.AssertionError" message="expected [b] but found [a]">
      <![CDATA[java.lang.AssertionError: expected [b] but found [a]
at Testng.listener.Testnglistener.test2(Testnglistener.java:15)
at java.base/java.util.ArrayList.forEach(ArrayList.java:1541)
... Removed 38 stack frames]]>
    </failure>
  </testcase> <!-- test2 -->
  <testcase classname="Testng.listener.Testnglistener" name="test3" time="0.0">
    <skipped/>
  </testcase> <!-- test3 -->
</testsuite> <!-- Surefire test -->
