<?xml version="1.0" encoding="UTF-8"?>
<!-- Generated by org.testng.reporters.JUnitXMLReporter -->
<testsuite hostname="DESKTOP-FEDV7R8" name="MY Test" tests="3" failures="0" timestamp="26 Jun 2023 22:11:53 GMT" time="0.038" errors="0">
  <testcase name="sighnupbyfacebook" time="0.0" classname="Grouping.com.Grouping"/>
  <testcase name="sighnupbytwitter" time="0.0" classname="Grouping.com.Grouping"/>
  <testcase name="payemntreturnbybank" time="0.001" classname="Grouping.com.Grouping"/>
</testsuite> <!-- MY Test -->
